0 info it worked if it ends with ok
1 verbose cli [ 'd:\\Program Files\\nodejs\\node.exe',
1 verbose cli   'd:\\Program Files\\nodejs\\node_modules\\npm\\bin\\npm-cli.js',
1 verbose cli   'run',
1 verbose cli   'translate' ]
2 info using npm@3.3.12
3 info using node@v5.3.0
4 verbose run-script [ 'pretranslate', 'translate', 'posttranslate' ]
5 info lifecycle ArenaOfTitans@0.5.0~pretranslate: ArenaOfTitans@0.5.0
6 silly lifecycle ArenaOfTitans@0.5.0~pretranslate: no script for pretranslate, continuing
7 info lifecycle ArenaOfTitans@0.5.0~translate: ArenaOfTitans@0.5.0
8 verbose lifecycle ArenaOfTitans@0.5.0~translate: unsafe-perm in lifecycle true
9 verbose lifecycle ArenaOfTitans@0.5.0~translate: PATH: d:\Program Files\nodejs\node_modules\npm\bin\node-gyp-bin;D:\aot_git\clone\node_modules\.bin;c:\Users\Isma\bin;.;D:\Program Files (x86)\Git\local\bin;D:\Program Files (x86)\Git\mingw\bin;D:\Program Files (x86)\Git\bin;D:\Program Files (x86)\Git\libexec\git-core;D:\Program Files (x86)\Git\bin\;D:\Program Files (x86)\Git\mingw\bin;d:\Python27\;d:\Python27\Scripts;c:\ProgramData\Oracle\Java\javapath;c:\Program Files\Common Files\Microsoft Shared\Windows Live;c:\Program Files (x86)\Common Files\Microsoft Shared\Windows Live;c:\windows\system32;c:\windows;c:\windows\System32\Wbem;c:\windows\System32\WindowsPowerShell\v1.0\;c:\Program Files (x86)\Windows Live\Shared;d:\Program Files\nodejs\;c:\Program Files\Microsoft SQL Server\110\Tools\Binn\;c:\Program Files (x86)\Microsoft SDKs\TypeScript\1.0\;c:\Program Files\Microsoft SQL Server\120\Tools\Binn\;c:\Program Files (x86)\Skype\Phone\;c:\Users\Isma\AppData\Roaming\npm;.;
10 verbose lifecycle ArenaOfTitans@0.5.0~translate: CWD: D:\aot_git\clone
11 silly lifecycle ArenaOfTitans@0.5.0~translate: Args: [ '/d /s /c', 'python3 scripts/translate.py' ]
12 silly lifecycle ArenaOfTitans@0.5.0~translate: Returned: code: 1  signal: null
13 info lifecycle ArenaOfTitans@0.5.0~translate: Failed to exec translate script
14 verbose stack Error: ArenaOfTitans@0.5.0 translate: `python3 scripts/translate.py`
14 verbose stack Exit status 1
14 verbose stack     at EventEmitter.<anonymous> (d:\Program Files\nodejs\node_modules\npm\lib\utils\lifecycle.js:232:16)
14 verbose stack     at emitTwo (events.js:87:13)
14 verbose stack     at EventEmitter.emit (events.js:172:7)
14 verbose stack     at ChildProcess.<anonymous> (d:\Program Files\nodejs\node_modules\npm\lib\utils\spawn.js:24:14)
14 verbose stack     at emitTwo (events.js:87:13)
14 verbose stack     at ChildProcess.emit (events.js:172:7)
14 verbose stack     at maybeClose (internal/child_process.js:818:16)
14 verbose stack     at Process.ChildProcess._handle.onexit (internal/child_process.js:211:5)
15 verbose pkgid ArenaOfTitans@0.5.0
16 verbose cwd D:\aot_git\clone
17 error Windows_NT 6.1.7601
18 error argv "d:\\Program Files\\nodejs\\node.exe" "d:\\Program Files\\nodejs\\node_modules\\npm\\bin\\npm-cli.js" "run" "translate"
19 error node v5.3.0
20 error npm  v3.3.12
21 error code ELIFECYCLE
22 error ArenaOfTitans@0.5.0 translate: `python3 scripts/translate.py`
22 error Exit status 1
23 error Failed at the ArenaOfTitans@0.5.0 translate script 'python3 scripts/translate.py'.
23 error Make sure you have the latest version of node.js and npm installed.
23 error If you do, this is most likely a problem with the ArenaOfTitans package,
23 error not with npm itself.
23 error Tell the author that this fails on your system:
23 error     python3 scripts/translate.py
23 error You can get their info via:
23 error     npm owner ls ArenaOfTitans
23 error There is likely additional logging output above.
24 verbose exit [ 1, true ]
